<?xml version="1.0" encoding="UTF-8"?>
<!-- Generated by org.testng.reporters.JUnitReportReporter -->
<<<<<<< HEAD
<testsuite hostname="LAPTOP-GFBLAG0U" failures="0" tests="1" name="tests.authen.LoginTestWithBaseTest" time="0.000" errors="0" timestamp="2022-08-26T18:43:38 ICT" skipped="1">
=======
<testsuite hostname="LAPPG" failures="0" tests="1" name="tests.authen.LoginTestWithBaseTest" time="0.000" errors="0" timestamp="2022-08-29T11:34:53 ICT" skipped="1">
>>>>>>> ee6b08953495c48d06caeccc60957a28daf08102
  <testcase classname="tests.authen.LoginTestWithBaseTest" name="testLogin" time="0.000">
    <skipped/>
  </testcase> <!-- testLogin -->
  <system-out/>
</testsuite> <!-- tests.authen.LoginTestWithBaseTest -->
